2016/01/23 13:07:15 [error] [exception.CHttpException.404] exception 'CHttpException' with message 'The system is unable to find the requested action "images".' in /var/www/html/yii-1.1.16/framework/web/CController.php:483
Stack trace:
#0 /var/www/html/yii-1.1.16/framework/web/CController.php(270): CController->missingAction('images')
#1 /var/www/html/yii-1.1.16/framework/web/CWebApplication.php(282): CController->run('images')
#2 /var/www/html/yii-1.1.16/framework/web/CWebApplication.php(141): CWebApplication->runController('venda/images/im...')
#3 /var/www/html/yii-1.1.16/framework/base/CApplication.php(184): CWebApplication->processRequest()
#4 /var/www/html/loja/index.php(13): CApplication->run()
#5 {main}
REQUEST_URI=/loja/index.php/venda/images/img.jpg
HTTP_REFERER=http://localhost/loja/index.php/venda/index
---
2016/01/23 13:07:21 [error] [exception.CHttpException.403] exception 'CHttpException' with message 'Login Required' in /var/www/html/yii-1.1.16/framework/web/auth/CWebUser.php:394
Stack trace:
#0 /var/www/html/yii-1.1.16/framework/web/auth/CAccessControlFilter.php(180): CWebUser->loginRequired()
#1 /var/www/html/yii-1.1.16/framework/web/auth/CAccessControlFilter.php(145): CAccessControlFilter->accessDenied(Object(CWebUser), 'You are not aut...')
#2 /var/www/html/yii-1.1.16/framework/web/filters/CFilter.php(38): CAccessControlFilter->preFilter(Object(CFilterChain))
#3 /var/www/html/yii-1.1.16/framework/web/CController.php(1145): CFilter->filter(Object(CFilterChain))
#4 /var/www/html/yii-1.1.16/framework/web/filters/CInlineFilter.php(58): CController->filterAccessControl(Object(CFilterChain))
#5 /var/www/html/yii-1.1.16/framework/web/filters/CFilterChain.php(130): CInlineFilter->filter(Object(CFilterChain))
#6 /var/www/html/yii-1.1.16/framework/web/CController.php(291): CFilterChain->run()
#7 /var/www/html/yii-1.1.16/framework/web/CController.php(265): CController->runActionWithFilters(Object(CInlineAction), Array)
#8 /var/www/html/yii-1.1.16/framework/web/CWebApplication.php(282): CController->run('searchById')
#9 /var/www/html/yii-1.1.16/framework/web/CWebApplication.php(141): CWebApplication->runController('venda/searchByI...')
#10 /var/www/html/yii-1.1.16/framework/base/CApplication.php(184): CWebApplication->processRequest()
#11 /var/www/html/loja/index.php(13): CApplication->run()
#12 {main}
REQUEST_URI=/loja/index.php/venda/searchById
HTTP_REFERER=http://localhost/loja/index.php/venda/index
---
2016/01/23 13:07:32 [error] [php] Undefined index: rememberMe (/var/www/html/loja/protected/controllers/SiteController.php:87)
Stack trace:
#0 /var/www/html/yii-1.1.16/framework/web/CController.php(286): SiteController->runAction()
#1 /var/www/html/yii-1.1.16/framework/web/CController.php(265): SiteController->runActionWithFilters()
#2 /var/www/html/yii-1.1.16/framework/web/CWebApplication.php(282): SiteController->run()
#3 /var/www/html/yii-1.1.16/framework/web/CWebApplication.php(141): CWebApplication->runController()
#4 /var/www/html/yii-1.1.16/framework/base/CApplication.php(184): CWebApplication->processRequest()
#5 /var/www/html/loja/index.php(13): CWebApplication->run()
REQUEST_URI=/loja/index.php/site/login
in /var/www/html/loja/protected/controllers/SiteController.php (87)
in /var/www/html/loja/index.php (13)
2016/01/23 13:07:32 [error] [exception.CHttpException.404] exception 'CHttpException' with message 'The system is unable to find the requested action "images".' in /var/www/html/yii-1.1.16/framework/web/CController.php:483
Stack trace:
#0 /var/www/html/yii-1.1.16/framework/web/CController.php(270): CController->missingAction('images')
#1 /var/www/html/yii-1.1.16/framework/web/CWebApplication.php(282): CController->run('images')
#2 /var/www/html/yii-1.1.16/framework/web/CWebApplication.php(141): CWebApplication->runController('site/images/img...')
#3 /var/www/html/yii-1.1.16/framework/base/CApplication.php(184): CWebApplication->processRequest()
#4 /var/www/html/loja/index.php(13): CApplication->run()
#5 {main}
REQUEST_URI=/loja/index.php/site/images/img.jpg
HTTP_REFERER=http://localhost/loja/index.php/site/login
---
2016/01/23 13:07:35 [error] [exception.CHttpException.404] exception 'CHttpException' with message 'The system is unable to find the requested action "images".' in /var/www/html/yii-1.1.16/framework/web/CController.php:483
Stack trace:
#0 /var/www/html/yii-1.1.16/framework/web/CController.php(270): CController->missingAction('images')
#1 /var/www/html/yii-1.1.16/framework/web/CWebApplication.php(282): CController->run('images')
#2 /var/www/html/yii-1.1.16/framework/web/CWebApplication.php(141): CWebApplication->runController('venda/images/im...')
#3 /var/www/html/yii-1.1.16/framework/base/CApplication.php(184): CWebApplication->processRequest()
#4 /var/www/html/loja/index.php(13): CApplication->run()
#5 {main}
REQUEST_URI=/loja/index.php/venda/images/img.jpg
HTTP_REFERER=http://localhost/loja/index.php/venda/index
---
2016/01/23 13:07:39 [error] [exception.CHttpException.403] exception 'CHttpException' with message 'Login Required' in /var/www/html/yii-1.1.16/framework/web/auth/CWebUser.php:394
Stack trace:
#0 /var/www/html/yii-1.1.16/framework/web/auth/CAccessControlFilter.php(180): CWebUser->loginRequired()
#1 /var/www/html/yii-1.1.16/framework/web/auth/CAccessControlFilter.php(145): CAccessControlFilter->accessDenied(Object(CWebUser), 'You are not aut...')
#2 /var/www/html/yii-1.1.16/framework/web/filters/CFilter.php(38): CAccessControlFilter->preFilter(Object(CFilterChain))
#3 /var/www/html/yii-1.1.16/framework/web/CController.php(1145): CFilter->filter(Object(CFilterChain))
#4 /var/www/html/yii-1.1.16/framework/web/filters/CInlineFilter.php(58): CController->filterAccessControl(Object(CFilterChain))
#5 /var/www/html/yii-1.1.16/framework/web/filters/CFilterChain.php(130): CInlineFilter->filter(Object(CFilterChain))
#6 /var/www/html/yii-1.1.16/framework/web/CController.php(291): CFilterChain->run()
#7 /var/www/html/yii-1.1.16/framework/web/CController.php(265): CController->runActionWithFilters(Object(CInlineAction), Array)
#8 /var/www/html/yii-1.1.16/framework/web/CWebApplication.php(282): CController->run('searchById')
#9 /var/www/html/yii-1.1.16/framework/web/CWebApplication.php(141): CWebApplication->runController('venda/searchByI...')
#10 /var/www/html/yii-1.1.16/framework/base/CApplication.php(184): CWebApplication->processRequest()
#11 /var/www/html/loja/index.php(13): CApplication->run()
#12 {main}
REQUEST_URI=/loja/index.php/venda/searchById
HTTP_REFERER=http://localhost/loja/index.php/venda/index
---
2016/01/23 13:07:43 [error] [php] Undefined index: rememberMe (/var/www/html/loja/protected/controllers/SiteController.php:87)
Stack trace:
#0 /var/www/html/yii-1.1.16/framework/web/CController.php(286): SiteController->runAction()
#1 /var/www/html/yii-1.1.16/framework/web/CController.php(265): SiteController->runActionWithFilters()
#2 /var/www/html/yii-1.1.16/framework/web/CWebApplication.php(282): SiteController->run()
#3 /var/www/html/yii-1.1.16/framework/web/CWebApplication.php(141): CWebApplication->runController()
#4 /var/www/html/yii-1.1.16/framework/base/CApplication.php(184): CWebApplication->processRequest()
#5 /var/www/html/loja/index.php(13): CWebApplication->run()
REQUEST_URI=/loja/index.php/site/login
in /var/www/html/loja/protected/controllers/SiteController.php (87)
in /var/www/html/loja/index.php (13)
2016/01/23 13:07:43 [error] [exception.CHttpException.404] exception 'CHttpException' with message 'The system is unable to find the requested action "images".' in /var/www/html/yii-1.1.16/framework/web/CController.php:483
Stack trace:
#0 /var/www/html/yii-1.1.16/framework/web/CController.php(270): CController->missingAction('images')
#1 /var/www/html/yii-1.1.16/framework/web/CWebApplication.php(282): CController->run('images')
#2 /var/www/html/yii-1.1.16/framework/web/CWebApplication.php(141): CWebApplication->runController('site/images/img...')
#3 /var/www/html/yii-1.1.16/framework/base/CApplication.php(184): CWebApplication->processRequest()
#4 /var/www/html/loja/index.php(13): CApplication->run()
#5 {main}
REQUEST_URI=/loja/index.php/site/images/img.jpg
HTTP_REFERER=http://localhost/loja/index.php/site/login
---
2016/01/23 14:23:35 [error] [php] Undefined index: rememberMe (/var/www/html/loja/protected/controllers/SiteController.php:87)
Stack trace:
#0 /var/www/html/yii-1.1.16/framework/web/CController.php(286): SiteController->runAction()
#1 /var/www/html/yii-1.1.16/framework/web/CController.php(265): SiteController->runActionWithFilters()
#2 /var/www/html/yii-1.1.16/framework/web/CWebApplication.php(282): SiteController->run()
#3 /var/www/html/yii-1.1.16/framework/web/CWebApplication.php(141): CWebApplication->runController()
#4 /var/www/html/yii-1.1.16/framework/base/CApplication.php(184): CWebApplication->processRequest()
#5 /var/www/html/loja/index.php(13): CWebApplication->run()
REQUEST_URI=/loja/index.php/site/login
in /var/www/html/loja/protected/controllers/SiteController.php (87)
in /var/www/html/loja/index.php (13)
2016/01/23 14:23:36 [error] [exception.CHttpException.404] exception 'CHttpException' with message 'The system is unable to find the requested action "images".' in /var/www/html/yii-1.1.16/framework/web/CController.php:483
Stack trace:
#0 /var/www/html/yii-1.1.16/framework/web/CController.php(270): CController->missingAction('images')
#1 /var/www/html/yii-1.1.16/framework/web/CWebApplication.php(282): CController->run('images')
#2 /var/www/html/yii-1.1.16/framework/web/CWebApplication.php(141): CWebApplication->runController('site/images/img...')
#3 /var/www/html/yii-1.1.16/framework/base/CApplication.php(184): CWebApplication->processRequest()
#4 /var/www/html/loja/index.php(13): CApplication->run()
#5 {main}
REQUEST_URI=/loja/index.php/site/images/img.jpg
HTTP_REFERER=http://localhost/loja/index.php/site/login
---
2016/01/23 14:23:54 [error] [php] Undefined index: rememberMe (/var/www/html/loja/protected/controllers/SiteController.php:87)
Stack trace:
#0 /var/www/html/yii-1.1.16/framework/web/CController.php(286): SiteController->runAction()
#1 /var/www/html/yii-1.1.16/framework/web/CController.php(265): SiteController->runActionWithFilters()
#2 /var/www/html/yii-1.1.16/framework/web/CWebApplication.php(282): SiteController->run()
#3 /var/www/html/yii-1.1.16/framework/web/CWebApplication.php(141): CWebApplication->runController()
#4 /var/www/html/yii-1.1.16/framework/base/CApplication.php(184): CWebApplication->processRequest()
#5 /var/www/html/loja/index.php(13): CWebApplication->run()
REQUEST_URI=/loja/index.php/site/login
in /var/www/html/loja/protected/controllers/SiteController.php (87)
in /var/www/html/loja/index.php (13)
2016/01/23 14:23:54 [error] [exception.CHttpException.404] exception 'CHttpException' with message 'The system is unable to find the requested action "images".' in /var/www/html/yii-1.1.16/framework/web/CController.php:483
Stack trace:
#0 /var/www/html/yii-1.1.16/framework/web/CController.php(270): CController->missingAction('images')
#1 /var/www/html/yii-1.1.16/framework/web/CWebApplication.php(282): CController->run('images')
#2 /var/www/html/yii-1.1.16/framework/web/CWebApplication.php(141): CWebApplication->runController('site/images/img...')
#3 /var/www/html/yii-1.1.16/framework/base/CApplication.php(184): CWebApplication->processRequest()
#4 /var/www/html/loja/index.php(13): CApplication->run()
#5 {main}
REQUEST_URI=/loja/index.php/site/images/img.jpg
HTTP_REFERER=http://localhost/loja/index.php/site/login
---
2016/01/23 14:24:09 [error] [exception.CHttpException.404] exception 'CHttpException' with message 'The system is unable to find the requested action "images".' in /var/www/html/yii-1.1.16/framework/web/CController.php:483
Stack trace:
#0 /var/www/html/yii-1.1.16/framework/web/CController.php(270): CController->missingAction('images')
#1 /var/www/html/yii-1.1.16/framework/web/CWebApplication.php(282): CController->run('images')
#2 /var/www/html/yii-1.1.16/framework/web/CWebApplication.php(141): CWebApplication->runController('venda/images/im...')
#3 /var/www/html/yii-1.1.16/framework/base/CApplication.php(184): CWebApplication->processRequest()
#4 /var/www/html/loja/index.php(13): CApplication->run()
#5 {main}
REQUEST_URI=/loja/index.php/venda/images/img.jpg
HTTP_REFERER=http://localhost/loja/index.php/venda/index
---
2016/01/23 14:24:09 [error] [exception.CHttpException.404] exception 'CHttpException' with message 'The system is unable to find the requested action "images".' in /var/www/html/yii-1.1.16/framework/web/CController.php:483
Stack trace:
#0 /var/www/html/yii-1.1.16/framework/web/CController.php(270): CController->missingAction('images')
#1 /var/www/html/yii-1.1.16/framework/web/CWebApplication.php(282): CController->run('images')
#2 /var/www/html/yii-1.1.16/framework/web/CWebApplication.php(141): CWebApplication->runController('venda/images/im...')
#3 /var/www/html/yii-1.1.16/framework/base/CApplication.php(184): CWebApplication->processRequest()
#4 /var/www/html/loja/index.php(13): CApplication->run()
#5 {main}
REQUEST_URI=/loja/index.php/venda/images/img.jpg
HTTP_REFERER=http://localhost/loja/index.php/venda/index
---
